{"/Users/oz/individual-projects/bank-tech-test/app.js": {"path":"/Users/oz/individual-projects/bank-tech-test/app.js","statementMap":{"0":{"start":{"line":1,"column":13},"end":{"line":1,"column":30}},"1":{"start":{"line":5,"column":8},"end":{"line":5,"column":31}},"2":{"start":{"line":10,"column":21},"end":{"line":10,"column":31}},"3":{"start":{"line":12,"column":8},"end":{"line":12,"column":40}},"4":{"start":{"line":14,"column":8},"end":{"line":14,"column":82}},"5":{"start":{"line":18,"column":21},"end":{"line":18,"column":31}},"6":{"start":{"line":19,"column":8},"end":{"line":19,"column":41}},"7":{"start":{"line":20,"column":8},"end":{"line":20,"column":81}},"8":{"start":{"line":26,"column":26},"end":{"line":26,"column":52}},"9":{"start":{"line":29,"column":8},"end":{"line":29,"column":31}},"10":{"start":{"line":33,"column":0},"end":{"line":33,"column":21}}},"fnMap":{"0":{"name":"(anonymous_0)","decl":{"start":{"line":4,"column":4},"end":{"line":4,"column":5}},"loc":{"start":{"line":4,"column":18},"end":{"line":6,"column":5}},"line":4},"1":{"name":"(anonymous_1)","decl":{"start":{"line":8,"column":4},"end":{"line":8,"column":5}},"loc":{"start":{"line":8,"column":20},"end":{"line":15,"column":5}},"line":8},"2":{"name":"(anonymous_2)","decl":{"start":{"line":17,"column":4},"end":{"line":17,"column":5}},"loc":{"start":{"line":17,"column":21},"end":{"line":22,"column":5}},"line":17},"3":{"name":"(anonymous_3)","decl":{"start":{"line":24,"column":4},"end":{"line":24,"column":5}},"loc":{"start":{"line":24,"column":21},"end":{"line":30,"column":5}},"line":24}},"branchMap":{},"s":{"0":1,"1":0,"2":0,"3":0,"4":0,"5":0,"6":0,"7":0,"8":0,"9":0,"10":1},"f":{"0":0,"1":0,"2":0,"3":0},"b":{},"_coverageSchema":"1a1c01bbd47fc00a2c39e90264f33305004495a9","hash":"0db2ea488970248166a0bd809148138a86a2736c"}
,"/Users/oz/individual-projects/bank-tech-test/bank.js": {"path":"/Users/oz/individual-projects/bank-tech-test/bank.js","statementMap":{"0":{"start":{"line":3,"column":8},"end":{"line":3,"column":31}},"1":{"start":{"line":4,"column":8},"end":{"line":4,"column":25}},"2":{"start":{"line":8,"column":8},"end":{"line":8,"column":31}},"3":{"start":{"line":9,"column":8},"end":{"line":9,"column":78}},"4":{"start":{"line":13,"column":8},"end":{"line":16,"column":55}},"5":{"start":{"line":14,"column":10},"end":{"line":14,"column":33}},"6":{"start":{"line":15,"column":10},"end":{"line":15,"column":79}},"7":{"start":{"line":16,"column":16},"end":{"line":16,"column":54}},"8":{"start":{"line":25,"column":24},"end":{"line":25,"column":60}},"9":{"start":{"line":27,"column":8},"end":{"line":32,"column":9}},"10":{"start":{"line":28,"column":53},"end":{"line":28,"column":64}},"11":{"start":{"line":30,"column":34},"end":{"line":30,"column":66}},"12":{"start":{"line":31,"column":12},"end":{"line":31,"column":145}},"13":{"start":{"line":34,"column":8},"end":{"line":34,"column":49}},"14":{"start":{"line":39,"column":0},"end":{"line":39,"column":22}}},"fnMap":{"0":{"name":"(anonymous_0)","decl":{"start":{"line":2,"column":4},"end":{"line":2,"column":5}},"loc":{"start":{"line":2,"column":18},"end":{"line":5,"column":5}},"line":2},"1":{"name":"(anonymous_1)","decl":{"start":{"line":7,"column":4},"end":{"line":7,"column":5}},"loc":{"start":{"line":7,"column":39},"end":{"line":10,"column":5}},"line":7},"2":{"name":"(anonymous_2)","decl":{"start":{"line":12,"column":4},"end":{"line":12,"column":5}},"loc":{"start":{"line":12,"column":40},"end":{"line":17,"column":5}},"line":12},"3":{"name":"(anonymous_3)","decl":{"start":{"line":24,"column":4},"end":{"line":24,"column":5}},"loc":{"start":{"line":24,"column":21},"end":{"line":35,"column":5}},"line":24}},"branchMap":{"0":{"loc":{"start":{"line":7,"column":20},"end":{"line":7,"column":37}},"type":"default-arg","locations":[{"start":{"line":7,"column":27},"end":{"line":7,"column":37}}],"line":7},"1":{"loc":{"start":{"line":12,"column":21},"end":{"line":12,"column":38}},"type":"default-arg","locations":[{"start":{"line":12,"column":28},"end":{"line":12,"column":38}}],"line":12},"2":{"loc":{"start":{"line":13,"column":8},"end":{"line":16,"column":55}},"type":"if","locations":[{"start":{"line":13,"column":8},"end":{"line":16,"column":55}},{"start":{"line":16,"column":15},"end":{"line":16,"column":55}}],"line":13},"3":{"loc":{"start":{"line":31,"column":50},"end":{"line":31,"column":81}},"type":"cond-expr","locations":[{"start":{"line":31,"column":59},"end":{"line":31,"column":76}},{"start":{"line":31,"column":79},"end":{"line":31,"column":81}}],"line":31},"4":{"loc":{"start":{"line":31,"column":88},"end":{"line":31,"column":117}},"type":"cond-expr","locations":[{"start":{"line":31,"column":96},"end":{"line":31,"column":112}},{"start":{"line":31,"column":115},"end":{"line":31,"column":117}}],"line":31}},"s":{"0":8,"1":8,"2":9,"3":9,"4":5,"5":4,"6":4,"7":1,"8":2,"9":2,"10":6,"11":6,"12":6,"13":2,"14":2},"f":{"0":8,"1":9,"2":5,"3":2},"b":{"0":[9],"1":[5],"2":[4,1],"3":[4,2],"4":[2,4]},"_coverageSchema":"1a1c01bbd47fc00a2c39e90264f33305004495a9","hash":"90ba304872f13b664f444f072775fb4eac915e7b"}
}
