TN:
SF:app.js
FN:4,(anonymous_0)
FN:8,(anonymous_1)
FN:17,(anonymous_2)
FN:24,(anonymous_3)
FNF:4
FNH:0
FNDA:0,(anonymous_0)
FNDA:0,(anonymous_1)
FNDA:0,(anonymous_2)
FNDA:0,(anonymous_3)
DA:1,1
DA:5,0
DA:10,0
DA:12,0
DA:14,0
DA:18,0
DA:19,0
DA:20,0
DA:26,0
DA:29,0
DA:33,1
LF:11
LH:2
BRF:0
BRH:0
end_of_record
TN:
SF:bank.js
FN:2,(anonymous_0)
FN:7,(anonymous_1)
FN:12,(anonymous_2)
FN:24,(anonymous_3)
FNF:4
FNH:4
FNDA:8,(anonymous_0)
FNDA:9,(anonymous_1)
FNDA:5,(anonymous_2)
FNDA:2,(anonymous_3)
DA:3,8
DA:4,8
DA:8,9
DA:9,9
DA:13,5
DA:14,4
DA:15,4
DA:16,1
DA:25,2
DA:27,2
DA:28,6
DA:30,6
DA:31,6
DA:34,2
DA:39,2
LF:15
LH:15
BRDA:7,0,0,9
BRDA:12,1,0,5
BRDA:13,2,0,4
BRDA:13,2,1,1
BRDA:31,3,0,4
BRDA:31,3,1,2
BRDA:31,4,0,2
BRDA:31,4,1,4
BRF:8
BRH:8
end_of_record
